TN:
SF:02-ratelimitter.js
FNF:0
FNH:0
DA:1,1
DA:2,1
DA:3,1
DA:4,1
DA:5,1
DA:6,1
DA:7,1
DA:8,1
DA:9,1
DA:10,1
DA:11,1
DA:12,1
DA:13,1
DA:14,1
DA:15,1
DA:16,2
DA:17,1
DA:18,1
DA:19,1
DA:20,13
DA:21,13
DA:22,0
DA:23,0
DA:24,0
DA:25,13
DA:26,13
DA:27,13
DA:28,13
DA:29,1
DA:30,1
DA:31,1
DA:32,13
DA:33,13
DA:34,2
DA:35,2
DA:36,13
DA:37,11
DA:38,11
DA:39,13
DA:40,13
DA:41,13
DA:42,13
DA:43,13
DA:44,9
DA:45,9
DA:46,9
DA:47,4
DA:48,1
DA:49,1
DA:50,1
DA:51,4
DA:52,1
DA:53,1
DA:54,1
DA:55,0
DA:56,1
DA:57,1
DA:58,1
DA:59,1
DA:60,1
DA:61,1
DA:62,1
LF:62
LH:58
BRDA:15,0,0,2
BRDA:19,1,0,13
BRDA:21,2,0,0
BRDA:31,3,0,13
BRDA:33,4,0,2
BRDA:36,5,0,11
BRDA:43,6,0,9
BRDA:46,7,0,4
BRDA:50,8,0,4
BRF:9
BRH:8
end_of_record
